<?xml version="1.0" encoding="UTF-8"?>
<!-- Generated by org.testng.reporters.JUnitXMLReporter -->
<testsuite ignored="0" hostname="DESKTOP-ANGDGC0" failures="0" tests="4" name="Default test" time="69.136" errors="0" timestamp="2025-09-23T14:53:14 IST">
  <testcase classname="AshBrokerage.test.LoginPage_test_scenario" name="loginFlow" time="17.694"/>
  <testcase classname="AshBrokerage.test.LoginPage_test_scenario" name="client_create" time="14.971"/>
  <testcase classname="AshBrokerage.test.LoginPage_test_scenario" name="termQuote" time="5.164"/>
  <testcase classname="AshBrokerage.test.LoginPage_test_scenario" name="TermFlow" time="31.237"/>
</testsuite> <!-- Default test -->
