<?xml version="1.0" encoding="UTF-8"?>
<!-- Generated by org.testng.reporters.JUnitXMLReporter -->
<testsuite ignored="0" hostname="DESKTOP-ANGDGC0" failures="0" tests="3" name="Default test" time="28.822" errors="0" timestamp="2025-08-11T16:52:01 IST">
  <testcase classname="AshBrokerage.test.LoginPage_test_scenario" name="loginFlow" time="9.65"/>
  <testcase classname="AshBrokerage.test.LoginPage_test_scenario" name="client_create" time="13.963"/>
  <testcase classname="AshBrokerage.test.LoginPage_test_scenario" name="termQuote" time="5.162"/>
</testsuite> <!-- Default test -->
