<?xml version="1.0" encoding="UTF-8"?>
<!-- Generated by org.testng.reporters.JUnitXMLReporter -->
<testsuite ignored="1" hostname="DESKTOP-ANGDGC0" failures="0" tests="4" name="Default test" time="83.094" errors="0" timestamp="2025-12-02T11:42:07 IST">
  <testcase classname="AshBrokerage.test.LoginPage_test_scenario" name="client_create" time="17.617"/>
  <testcase classname="AshBrokerage.test.LoginPage_test_scenario" name="termQuote" time="5.158"/>
  <testcase classname="AshBrokerage.test.LoginPage_test_scenario" name="TermFlow" time="51.907"/>
  <testcase classname="AshBrokerage.test.LoginPage_test_scenario" name="userProfile" time="8.362"/>
  <testcase classname="AshBrokerage.test.LoginPage_test_scenario" name="invalidCredentialPass" time="0.0">
    <ignored/>
  </testcase> <!-- invalidCredentialPass -->
</testsuite> <!-- Default test -->
