<?xml version="1.0" encoding="UTF-8"?>
<!-- Generated by org.testng.reporters.JUnitXMLReporter -->
<testsuite ignored="3" hostname="IPS-81" failures="1" tests="1" name="Default test" time="0.044" errors="0" timestamp="2025-12-02T14:17:40 IST">
  <testcase classname="AshBrokerage.test.IUL_Testcases" name="startIULQuoteTest" time="0.008">
    <failure type="java.lang.NullPointerException" message="Cannot invoke &amp;quot;org.openqa.selenium.SearchContext.findElement(org.openqa.selenium.By)&amp;quot; because &amp;quot;this.searchContext&amp;quot; is null">
      <![CDATA[java.lang.NullPointerException: Cannot invoke "org.openqa.selenium.SearchContext.findElement(org.openqa.selenium.By)" because "this.searchContext" is null
at org.openqa.selenium.support.pagefactory.DefaultElementLocator.findElement(DefaultElementLocator.java:68)
at org.openqa.selenium.support.pagefactory.internal.LocatingElementHandler.invoke(LocatingElementHandler.java:38)
at jdk.proxy2/jdk.proxy2.$Proxy11.click(Unknown Source)
at AshBrokerage.main.Dashboard.regularMode(Dashboard.java:61)
at AshBrokerage.test.LoginPage_test_scenario.client_create(LoginPage_test_scenario.java:32)
at AshBrokerage.test.IUL_Testcases.startIULQuoteTest(IUL_Testcases.java:19)
at java.base/jdk.internal.reflect.DirectMethodHandleAccessor.invoke(DirectMethodHandleAccessor.java:103)
at java.base/java.lang.reflect.Method.invoke(Method.java:580)
at org.testng.internal.invokers.MethodInvocationHelper.invokeMethod(MethodInvocationHelper.java:141)
at org.testng.internal.invokers.TestInvoker.invokeMethod(TestInvoker.java:686)
at org.testng.internal.invokers.TestInvoker.invokeTestMethod(TestInvoker.java:230)
at org.testng.internal.invokers.MethodRunner.runInSequence(MethodRunner.java:63)
at org.testng.internal.invokers.TestInvoker$MethodInvocationAgent.invoke(TestInvoker.java:992)
at org.testng.internal.invokers.TestInvoker.invokeTestMethods(TestInvoker.java:203)
at org.testng.internal.invokers.TestMethodWorker.invokeTestMethods(TestMethodWorker.java:154)
at org.testng.internal.invokers.TestMethodWorker.run(TestMethodWorker.java:134)
at java.base/java.util.ArrayList.forEach(ArrayList.java:1597)
at org.testng.TestRunner.privateRun(TestRunner.java:739)
at org.testng.TestRunner.run(TestRunner.java:614)
at org.testng.SuiteRunner.runTest(SuiteRunner.java:421)
at org.testng.SuiteRunner.runSequentially(SuiteRunner.java:413)
at org.testng.SuiteRunner.privateRun(SuiteRunner.java:373)
at org.testng.SuiteRunner.run(SuiteRunner.java:312)
at org.testng.SuiteRunnerWorker.runSuite(SuiteRunnerWorker.java:52)
at org.testng.SuiteRunnerWorker.run(SuiteRunnerWorker.java:95)
at org.testng.TestNG.runSuitesSequentially(TestNG.java:1274)
at org.testng.TestNG.runSuitesLocally(TestNG.java:1208)
at org.testng.TestNG.runSuites(TestNG.java:1112)
at org.testng.TestNG.run(TestNG.java:1079)
at org.testng.remote.AbstractRemoteTestNG.run(AbstractRemoteTestNG.java:115)
at org.testng.remote.RemoteTestNG.initAndRun(RemoteTestNG.java:293)
at org.testng.remote.RemoteTestNG.main(RemoteTestNG.java:91)
]]>
    </failure>
  </testcase> <!-- startIULQuoteTest -->
  <testcase classname="AshBrokerage.test.IUL_Testcases" name="IULQuoteTypeTest" time="0.0">
    <ignored/>
  </testcase> <!-- IULQuoteTypeTest -->
  <testcase classname="AshBrokerage.test.IUL_Testcases" name="IUL_Simplified_DisbusmentTest" time="0.0">
    <ignored/>
  </testcase> <!-- IUL_Simplified_DisbusmentTest -->
  <testcase classname="AshBrokerage.test.IUL_Testcases" name="IUL_Simplified_Solve_ForTest" time="0.0">
    <ignored/>
  </testcase> <!-- IUL_Simplified_Solve_ForTest -->
</testsuite> <!-- Default test -->
