<?xml version="1.0" encoding="UTF-8"?>
<!-- Generated by org.testng.reporters.JUnitXMLReporter -->
<testsuite ignored="1" hostname="DESKTOP-ANGDGC0" failures="0" tests="2" name="Default test" time="22.836" errors="0" timestamp="2025-11-26T18:15:51 IST">
  <testcase classname="AshBrokerage.test.LoginPage_test_scenario" name="loginFlow" time="6.714"/>
  <testcase classname="AshBrokerage.test.LoginPage_test_scenario" name="userProfile" time="16.076"/>
  <testcase classname="AshBrokerage.test.LoginPage_test_scenario" name="invalidCredentialPass" time="0.0">
    <ignored/>
  </testcase> <!-- invalidCredentialPass -->
</testsuite> <!-- Default test -->
