<?xml version="1.0" encoding="UTF-8"?>
<!-- Generated by org.testng.reporters.JUnitXMLReporter -->
<testsuite ignored="1" hostname="DESKTOP-ANGDGC0" failures="0" tests="4" name="Test" time="63.531" errors="0" timestamp="2025-08-26T17:36:07 IST">
  <testcase classname="AshBrokerage.test.LoginPage_test_scenario" name="loginFlow" time="9.714"/>
  <testcase classname="AshBrokerage.test.LoginPage_test_scenario" name="client_create" time="17.116"/>
  <testcase classname="AshBrokerage.test.LoginPage_test_scenario" name="termQuote" time="5.196"/>
  <testcase classname="AshBrokerage.test.LoginPage_test_scenario" name="TermFlow" time="31.425"/>
  <testcase classname="AshBrokerage.core.Base" name="@BeforeSuite setup" time="0.0">
    <ignored/>
  </testcase> <!-- @BeforeSuite setup -->
</testsuite> <!-- Test -->
