<?xml version="1.0" encoding="UTF-8"?>
<testng-results ignored="0" total="2" passed="2" failed="0" skipped="0">
  <reporter-output>
  </reporter-output>
  <suite started-at="2025-11-26T18:15:29 IST" name="Default suite" finished-at="2025-11-26T18:15:51 IST" duration-ms="22836">
    <groups>
    </groups>
    <test started-at="2025-11-26T18:15:29 IST" name="Default test" finished-at="2025-11-26T18:15:51 IST" duration-ms="22836">
      <class name="AshBrokerage.test.LoginPage_test_scenario">
        <test-method is-config="true" signature="setup()[pri:0, instance:AshBrokerage.test.LoginPage_test_scenario@5b12b668]" started-at="2025-11-26T18:15:21 IST" name="setup" finished-at="2025-11-26T18:15:29 IST" duration-ms="7579" status="PASS">
          <reporter-output>
          </reporter-output>
        </test-method> <!-- setup -->
        <test-method signature="loginFlow()[pri:0, instance:AshBrokerage.test.LoginPage_test_scenario@5b12b668]" started-at="2025-11-26T18:15:29 IST" name="loginFlow" finished-at="2025-11-26T18:15:35 IST" duration-ms="6714" status="PASS">
          <reporter-output>
          </reporter-output>
        </test-method> <!-- loginFlow -->
        <test-method signature="userProfile()[pri:0, instance:AshBrokerage.test.LoginPage_test_scenario@5b12b668]" started-at="2025-11-26T18:15:35 IST" name="userProfile" finished-at="2025-11-26T18:15:51 IST" depends-on-methods="AshBrokerage.test.LoginPage_test_scenario.loginFlow" duration-ms="16076" status="PASS">
          <reporter-output>
          </reporter-output>
        </test-method> <!-- userProfile -->
      </class> <!-- AshBrokerage.test.LoginPage_test_scenario -->
    </test> <!-- Default test -->
  </suite> <!-- Default suite -->
</testng-results>
