<?xml version="1.0" encoding="UTF-8"?>
<testng-results ignored="0" total="4" passed="4" failed="0" skipped="0">
  <reporter-output>
  </reporter-output>
  <suite started-at="2025-09-23T14:52:04 IST" name="Default suite" finished-at="2025-09-23T14:53:14 IST" duration-ms="69136">
    <groups>
    </groups>
    <test started-at="2025-09-23T14:52:04 IST" name="Default test" finished-at="2025-09-23T14:53:14 IST" duration-ms="69136">
      <class name="AshBrokerage.test.LoginPage_test_scenario">
        <test-method is-config="true" signature="setup()[pri:0, instance:AshBrokerage.test.LoginPage_test_scenario@2d1ef81a]" started-at="2025-09-23T14:51:58 IST" name="setup" finished-at="2025-09-23T14:52:04 IST" duration-ms="6882" status="PASS">
          <reporter-output>
          </reporter-output>
        </test-method> <!-- setup -->
        <test-method signature="loginFlow()[pri:0, instance:AshBrokerage.test.LoginPage_test_scenario@2d1ef81a]" started-at="2025-09-23T14:52:04 IST" name="loginFlow" finished-at="2025-09-23T14:52:22 IST" duration-ms="17694" status="PASS">
          <reporter-output>
          </reporter-output>
        </test-method> <!-- loginFlow -->
        <test-method signature="client_create()[pri:0, instance:AshBrokerage.test.LoginPage_test_scenario@2d1ef81a]" started-at="2025-09-23T14:52:22 IST" name="client_create" finished-at="2025-09-23T14:52:37 IST" depends-on-methods="AshBrokerage.test.LoginPage_test_scenario.loginFlow" duration-ms="14971" status="PASS">
          <reporter-output>
          </reporter-output>
        </test-method> <!-- client_create -->
        <test-method signature="termQuote()[pri:0, instance:AshBrokerage.test.LoginPage_test_scenario@2d1ef81a]" started-at="2025-09-23T14:52:37 IST" name="termQuote" finished-at="2025-09-23T14:52:42 IST" depends-on-methods="AshBrokerage.test.LoginPage_test_scenario.client_create" duration-ms="5164" status="PASS">
          <reporter-output>
          </reporter-output>
        </test-method> <!-- termQuote -->
        <test-method signature="TermFlow()[pri:0, instance:AshBrokerage.test.LoginPage_test_scenario@2d1ef81a]" started-at="2025-09-23T14:52:42 IST" name="TermFlow" finished-at="2025-09-23T14:53:14 IST" depends-on-methods="AshBrokerage.test.LoginPage_test_scenario.termQuote" duration-ms="31237" status="PASS">
          <reporter-output>
          </reporter-output>
        </test-method> <!-- TermFlow -->
      </class> <!-- AshBrokerage.test.LoginPage_test_scenario -->
    </test> <!-- Default test -->
  </suite> <!-- Default suite -->
</testng-results>
