<?xml version="1.0" encoding="UTF-8"?>
<!-- Generated by org.testng.reporters.JUnitReportReporter -->
<testsuite hostname="DESKTOP-ANGDGC0" failures="0" tests="3" name="AshBrokerage.test.LoginPage_test_scenario" time="28.775" errors="0" timestamp="2025-08-11T16:52:01 IST" skipped="0">
  <testcase classname="AshBrokerage.test.LoginPage_test_scenario" name="termQuote" time="5.162"/>
  <testcase classname="AshBrokerage.test.LoginPage_test_scenario" name="loginFlow" time="9.650"/>
  <testcase classname="AshBrokerage.test.LoginPage_test_scenario" name="client_create" time="13.963"/>
</testsuite> <!-- AshBrokerage.test.LoginPage_test_scenario -->
