<?xml version="1.0" encoding="UTF-8"?>
<!-- Generated by org.testng.reporters.JUnitReportReporter -->
<testsuite hostname="DESKTOP-ANGDGC0" failures="0" tests="4" name="AshBrokerage.test.LoginPage_test_scenario" time="93.100" errors="0" timestamp="2025-10-09T09:52:43 IST" skipped="0">
  <testcase classname="AshBrokerage.test.LoginPage_test_scenario" name="client_create" time="14.009"/>
  <testcase classname="AshBrokerage.test.LoginPage_test_scenario" name="loginFlow" time="11.181"/>
  <testcase classname="AshBrokerage.test.LoginPage_test_scenario" name="TermFlow" time="62.748"/>
  <testcase classname="AshBrokerage.test.LoginPage_test_scenario" name="termQuote" time="5.162"/>
</testsuite> <!-- AshBrokerage.test.LoginPage_test_scenario -->
