<?xml version="1.0" encoding="UTF-8"?>
<!-- Generated by org.testng.reporters.JUnitReportReporter -->
<testsuite hostname="DESKTOP-ANGDGC0" failures="0" tests="2" name="AshBrokerage.test.LoginPage_test_scenario" time="20.334" errors="0" timestamp="2025-07-29T14:02:09 IST" skipped="0">
  <testcase classname="AshBrokerage.test.LoginPage_test_scenario" name="loginFlow" time="10.325"/>
  <testcase classname="AshBrokerage.test.LoginPage_test_scenario" name="dfsdf" time="10.009"/>
</testsuite> <!-- AshBrokerage.test.LoginPage_test_scenario -->
