<?xml version="1.0" encoding="UTF-8"?>
<!-- Generated by org.testng.reporters.JUnitReportReporter -->
<testsuite hostname="DESKTOP-ANGDGC0" failures="0" tests="5" name="AshBrokerage.test.LoginPage_test_scenario" time="83.044" errors="0" timestamp="2025-12-02T11:42:07 IST" skipped="1">
  <testcase classname="AshBrokerage.test.LoginPage_test_scenario" name="client_create" time="17.617"/>
  <testcase classname="AshBrokerage.test.LoginPage_test_scenario" name="termQuote" time="5.158"/>
  <testcase classname="AshBrokerage.test.LoginPage_test_scenario" name="TermFlow" time="51.907"/>
  <testcase classname="AshBrokerage.test.LoginPage_test_scenario" name="userProfile" time="8.362"/>
  <testcase classname="AshBrokerage.test.LoginPage_test_scenario" name="invalidCredentialPass">
    <skipped/>
  </testcase> <!-- invalidCredentialPass -->
</testsuite> <!-- AshBrokerage.test.LoginPage_test_scenario -->
