<?xml version="1.0" encoding="UTF-8"?>
<!-- Generated by org.testng.reporters.JUnitReportReporter -->
<testsuite hostname="DESKTOP-ANGDGC0" failures="0" tests="4" name="AshBrokerage.test.LoginPage_test_scenario" time="69.066" errors="0" timestamp="2025-09-23T14:53:14 IST" skipped="0">
  <testcase classname="AshBrokerage.test.LoginPage_test_scenario" name="TermFlow" time="31.237"/>
  <testcase classname="AshBrokerage.test.LoginPage_test_scenario" name="client_create" time="14.971"/>
  <testcase classname="AshBrokerage.test.LoginPage_test_scenario" name="loginFlow" time="17.694"/>
  <testcase classname="AshBrokerage.test.LoginPage_test_scenario" name="termQuote" time="5.164"/>
</testsuite> <!-- AshBrokerage.test.LoginPage_test_scenario -->
