<?xml version="1.0" encoding="UTF-8"?>
<!-- Generated by org.testng.reporters.JUnitReportReporter -->
<testsuite hostname="DESKTOP-ANGDGC0" failures="0" tests="3" name="AshBrokerage.test.LoginPage_test_scenario" time="22.790" errors="0" timestamp="2025-11-26T18:15:52 IST" skipped="1">
  <testcase classname="AshBrokerage.test.LoginPage_test_scenario" name="userProfile" time="16.076"/>
  <testcase classname="AshBrokerage.test.LoginPage_test_scenario" name="loginFlow" time="6.714"/>
  <testcase classname="AshBrokerage.test.LoginPage_test_scenario" name="invalidCredentialPass">
    <skipped/>
  </testcase> <!-- invalidCredentialPass -->
</testsuite> <!-- AshBrokerage.test.LoginPage_test_scenario -->
